This is pdfTeX, Version 3.141592653-2.6-1.40.25 (MiKTeX 24.1) (preloaded format=pdflatex 2024.3.18)  26 MAY 2024 23:26
entering extended mode
 restricted \write18 enabled.
 %&-line parsing enabled.
**./conference_101719.tex
(conference_101719.tex
LaTeX2e <2023-11-01> patch level 1
L3 programming layer <2024-01-04>
(IEEEtran.cls
Document Class: IEEEtran 2015/08/26 V1.8b by Michael Shell
-- See the "IEEEtran_HOWTO" manual for usage information.
-- http://www.michaelshell.org/tex/ieeetran/
\@IEEEtrantmpdimenA=\dimen140
\@IEEEtrantmpdimenB=\dimen141
\@IEEEtrantmpdimenC=\dimen142
\@IEEEtrantmpcountA=\count187
\@IEEEtrantmpcountB=\count188
\@IEEEtrantmpcountC=\count189
\@IEEEtrantmptoksA=\toks17
LaTeX Font Info:    Trying to load font information for OT1+ptm on input line 5
03.
(C:\Users\MSI\AppData\Local\Programs\MiKTeX\tex/latex/psnfss\ot1ptm.fd
File: ot1ptm.fd 2001/06/04 font definitions for OT1/ptm.
)
-- Using 8.5in x 11in (letter) paper.
-- Using PDF output.
\@IEEEnormalsizeunitybaselineskip=\dimen143
-- This is a 10 point document.
\CLASSINFOnormalsizebaselineskip=\dimen144
\CLASSINFOnormalsizeunitybaselineskip=\dimen145
\IEEEnormaljot=\dimen146
LaTeX Font Info:    Font shape `OT1/ptm/bx/n' in size <5> not available
(Font)              Font shape `OT1/ptm/b/n' tried instead on input line 1090.
LaTeX Font Info:    Font shape `OT1/ptm/bx/it' in size <5> not available
(Font)              Font shape `OT1/ptm/b/it' tried instead on input line 1090.

LaTeX Font Info:    Font shape `OT1/ptm/bx/n' in size <7> not available
(Font)              Font shape `OT1/ptm/b/n' tried instead on input line 1090.
LaTeX Font Info:    Font shape `OT1/ptm/bx/it' in size <7> not available
(Font)              Font shape `OT1/ptm/b/it' tried instead on input line 1090.

LaTeX Font Info:    Font shape `OT1/ptm/bx/n' in size <8> not available
(Font)              Font shape `OT1/ptm/b/n' tried instead on input line 1090.
LaTeX Font Info:    Font shape `OT1/ptm/bx/it' in size <8> not available
(Font)              Font shape `OT1/ptm/b/it' tried instead on input line 1090.

LaTeX Font Info:    Font shape `OT1/ptm/bx/n' in size <9> not available
(Font)              Font shape `OT1/ptm/b/n' tried instead on input line 1090.
LaTeX Font Info:    Font shape `OT1/ptm/bx/it' in size <9> not available
(Font)              Font shape `OT1/ptm/b/it' tried instead on input line 1090.

LaTeX Font Info:    Font shape `OT1/ptm/bx/n' in size <10> not available
(Font)              Font shape `OT1/ptm/b/n' tried instead on input line 1090.
LaTeX Font Info:    Font shape `OT1/ptm/bx/it' in size <10> not available
(Font)              Font shape `OT1/ptm/b/it' tried instead on input line 1090.

LaTeX Font Info:    Font shape `OT1/ptm/bx/n' in size <11> not available
(Font)              Font shape `OT1/ptm/b/n' tried instead on input line 1090.
LaTeX Font Info:    Font shape `OT1/ptm/bx/it' in size <11> not available
(Font)              Font shape `OT1/ptm/b/it' tried instead on input line 1090.

LaTeX Font Info:    Font shape `OT1/ptm/bx/n' in size <12> not available
(Font)              Font shape `OT1/ptm/b/n' tried instead on input line 1090.
LaTeX Font Info:    Font shape `OT1/ptm/bx/it' in size <12> not available
(Font)              Font shape `OT1/ptm/b/it' tried instead on input line 1090.

LaTeX Font Info:    Font shape `OT1/ptm/bx/n' in size <17> not available
(Font)              Font shape `OT1/ptm/b/n' tried instead on input line 1090.
LaTeX Font Info:    Font shape `OT1/ptm/bx/it' in size <17> not available
(Font)              Font shape `OT1/ptm/b/it' tried instead on input line 1090.

LaTeX Font Info:    Font shape `OT1/ptm/bx/n' in size <20> not available
(Font)              Font shape `OT1/ptm/b/n' tried instead on input line 1090.
LaTeX Font Info:    Font shape `OT1/ptm/bx/it' in size <20> not available
(Font)              Font shape `OT1/ptm/b/it' tried instead on input line 1090.

LaTeX Font Info:    Font shape `OT1/ptm/bx/n' in size <24> not available
(Font)              Font shape `OT1/ptm/b/n' tried instead on input line 1090.
LaTeX Font Info:    Font shape `OT1/ptm/bx/it' in size <24> not available
(Font)              Font shape `OT1/ptm/b/it' tried instead on input line 1090.

\IEEEquantizedlength=\dimen147
\IEEEquantizedlengthdiff=\dimen148
\IEEEquantizedtextheightdiff=\dimen149
\IEEEilabelindentA=\dimen150
\IEEEilabelindentB=\dimen151
\IEEEilabelindent=\dimen152
\IEEEelabelindent=\dimen153
\IEEEdlabelindent=\dimen154
\IEEElabelindent=\dimen155
\IEEEiednormlabelsep=\dimen156
\IEEEiedmathlabelsep=\dimen157
\IEEEiedtopsep=\skip48
\c@section=\count190
\c@subsection=\count191
\c@subsubsection=\count192
\c@paragraph=\count193
\c@IEEEsubequation=\count194
\abovecaptionskip=\skip49
\belowcaptionskip=\skip50
\c@figure=\count195
\c@table=\count196
\@IEEEeqnnumcols=\count197
\@IEEEeqncolcnt=\count198
\@IEEEsubeqnnumrollback=\count199
\@IEEEquantizeheightA=\dimen158
\@IEEEquantizeheightB=\dimen159
\@IEEEquantizeheightC=\dimen160
\@IEEEquantizeprevdepth=\dimen161
\@IEEEquantizemultiple=\count266
\@IEEEquantizeboxA=\box51
\@IEEEtmpitemindent=\dimen162
\IEEEPARstartletwidth=\dimen163
\c@IEEEbiography=\count267
\@IEEEtranrubishbin=\box52
)
** ATTENTION: Overriding command lockouts (line 2).
(C:\Users\MSI\AppData\Local\Programs\MiKTeX\tex/latex/cite\cite.sty
LaTeX Info: Redefining \cite on input line 302.
LaTeX Info: Redefining \nocite on input line 332.
Package: cite 2015/02/27  v 5.5
)
(C:\Users\MSI\AppData\Local\Programs\MiKTeX\tex/latex/amsmath\amsmath.sty
Package: amsmath 2023/05/13 v2.17o AMS math features
\@mathmargin=\skip51

For additional information on amsmath, use the `?' option.
(C:\Users\MSI\AppData\Local\Programs\MiKTeX\tex/latex/amsmath\amstext.sty
Package: amstext 2021/08/26 v2.01 AMS text

(C:\Users\MSI\AppData\Local\Programs\MiKTeX\tex/latex/amsmath\amsgen.sty
File: amsgen.sty 1999/11/30 v2.0 generic functions
\@emptytoks=\toks18
\ex@=\dimen164
))
(C:\Users\MSI\AppData\Local\Programs\MiKTeX\tex/latex/amsmath\amsbsy.sty
Package: amsbsy 1999/11/29 v1.2d Bold Symbols
\pmbraise@=\dimen165
)
(C:\Users\MSI\AppData\Local\Programs\MiKTeX\tex/latex/amsmath\amsopn.sty
Package: amsopn 2022/04/08 v2.04 operator names
)
\inf@bad=\count268
LaTeX Info: Redefining \frac on input line 234.
\uproot@=\count269
\leftroot@=\count270
LaTeX Info: Redefining \overline on input line 399.
LaTeX Info: Redefining \colon on input line 410.
\classnum@=\count271
\DOTSCASE@=\count272
LaTeX Info: Redefining \ldots on input line 496.
LaTeX Info: Redefining \dots on input line 499.
LaTeX Info: Redefining \cdots on input line 620.
\Mathstrutbox@=\box53
\strutbox@=\box54
LaTeX Info: Redefining \big on input line 722.
LaTeX Info: Redefining \Big on input line 723.
LaTeX Info: Redefining \bigg on input line 724.
LaTeX Info: Redefining \Bigg on input line 725.
\big@size=\dimen166
LaTeX Font Info:    Redeclaring font encoding OML on input line 743.
LaTeX Font Info:    Redeclaring font encoding OMS on input line 744.
\macc@depth=\count273
LaTeX Info: Redefining \bmod on input line 905.
LaTeX Info: Redefining \pmod on input line 910.
LaTeX Info: Redefining \smash on input line 940.
LaTeX Info: Redefining \relbar on input line 970.
LaTeX Info: Redefining \Relbar on input line 971.
\c@MaxMatrixCols=\count274
\dotsspace@=\muskip16
\c@parentequation=\count275
\dspbrk@lvl=\count276
\tag@help=\toks19
\row@=\count277
\column@=\count278
\maxfields@=\count279
\andhelp@=\toks20
\eqnshift@=\dimen167
\alignsep@=\dimen168
\tagshift@=\dimen169
\tagwidth@=\dimen170
\totwidth@=\dimen171
\lineht@=\dimen172
\@envbody=\toks21
\multlinegap=\skip52
\multlinetaggap=\skip53
\mathdisplay@stack=\toks22
LaTeX Info: Redefining \[ on input line 2953.
LaTeX Info: Redefining \] on input line 2954.
)
(C:\Users\MSI\AppData\Local\Programs\MiKTeX\tex/latex/amsfonts\amssymb.sty
Package: amssymb 2013/01/14 v3.01 AMS font symbols

(C:\Users\MSI\AppData\Local\Programs\MiKTeX\tex/latex/amsfonts\amsfonts.sty
Package: amsfonts 2013/01/14 v3.01 Basic AMSFonts support
\symAMSa=\mathgroup4
\symAMSb=\mathgroup5
LaTeX Font Info:    Redeclaring math symbol \hbar on input line 98.
LaTeX Font Info:    Overwriting math alphabet `\mathfrak' in version `bold'
(Font)                  U/euf/m/n --> U/euf/b/n on input line 106.
))
(C:\Users\MSI\AppData\Local\Programs\MiKTeX\tex/latex/algorithms\algorithmic.st
y
Package: algorithmic 2009/08/24 v0.1 Document Style `algorithmic'
 (C:\Users\MSI\AppData\Local\Programs\MiKTeX\tex/latex/base\ifthen.sty
Package: ifthen 2022/04/13 v1.1d Standard LaTeX ifthen package (DPC)
)
(C:\Users\MSI\AppData\Local\Programs\MiKTeX\tex/latex/graphics\keyval.sty
Package: keyval 2022/05/29 v1.15 key=value parser (DPC)
\KV@toks@=\toks23
)
\c@ALC@unique=\count280
\c@ALC@line=\count281
\c@ALC@rem=\count282
\c@ALC@depth=\count283
\ALC@tlm=\skip54
\algorithmicindent=\skip55
)
(C:\Users\MSI\AppData\Local\Programs\MiKTeX\tex/latex/graphics\graphicx.sty
Package: graphicx 2021/09/16 v1.2d Enhanced LaTeX Graphics (DPC,SPQR)

(C:\Users\MSI\AppData\Local\Programs\MiKTeX\tex/latex/graphics\graphics.sty
Package: graphics 2022/03/10 v1.4e Standard LaTeX Graphics (DPC,SPQR)

(C:\Users\MSI\AppData\Local\Programs\MiKTeX\tex/latex/graphics\trig.sty
Package: trig 2021/08/11 v1.11 sin cos tan (DPC)
)
(C:\Users\MSI\AppData\Local\Programs\MiKTeX\tex/latex/graphics-cfg\graphics.cfg
File: graphics.cfg 2016/06/04 v1.11 sample graphics configuration
)
Package graphics Info: Driver file: pdftex.def on input line 107.
 (C:\Users\MSI\AppData\Local\Programs\MiKTeX\tex/latex/graphics-def\pdftex.def
File: pdftex.def 2022/09/22 v1.2b Graphics/color driver for pdftex
))
\Gin@req@height=\dimen173
\Gin@req@width=\dimen174
) (C:\Users\MSI\AppData\Local\Programs\MiKTeX\tex/latex/base\textcomp.sty
Package: textcomp 2020/02/02 v2.0n Standard LaTeX package
)
(C:\Users\MSI\AppData\Local\Programs\MiKTeX\tex/latex/xcolor\xcolor.sty
Package: xcolor 2023/11/15 v3.01 LaTeX color extensions (UK)

(C:\Users\MSI\AppData\Local\Programs\MiKTeX\tex/latex/graphics-cfg\color.cfg
File: color.cfg 2016/01/02 v1.6 sample color configuration
)
Package xcolor Info: Driver file: pdftex.def on input line 274.

(C:\Users\MSI\AppData\Local\Programs\MiKTeX\tex/latex/graphics\mathcolor.ltx)
Package xcolor Info: Model `cmy' substituted by `cmy0' on input line 1350.
Package xcolor Info: Model `hsb' substituted by `rgb' on input line 1354.
Package xcolor Info: Model `RGB' extended on input line 1366.
Package xcolor Info: Model `HTML' substituted by `rgb' on input line 1368.
Package xcolor Info: Model `Hsb' substituted by `hsb' on input line 1369.
Package xcolor Info: Model `tHsb' substituted by `hsb' on input line 1370.
Package xcolor Info: Model `HSB' substituted by `hsb' on input line 1371.
Package xcolor Info: Model `Gray' substituted by `gray' on input line 1372.
Package xcolor Info: Model `wave' substituted by `hsb' on input line 1373.
)
(C:\Users\MSI\AppData\Local\Programs\MiKTeX\tex/latex/l3backend\l3backend-pdfte
x.def
File: l3backend-pdftex.def 2024-01-04 L3 backend support: PDF output (pdfTeX)
\l__color_backend_stack_int=\count284
\l__pdf_internal_box=\box55
) (conference_101719.aux

LaTeX Warning: Label `fig:enter-label' multiply defined.


LaTeX Warning: Label `fig:enter-label' multiply defined.


LaTeX Warning: Label `fig:enter-label' multiply defined.


LaTeX Warning: Label `fig:enter-label' multiply defined.


LaTeX Warning: Label `fig:enter-label' multiply defined.

)
\openout1 = `conference_101719.aux'.

LaTeX Font Info:    Checking defaults for OML/cmm/m/it on input line 12.
LaTeX Font Info:    ... okay on input line 12.
LaTeX Font Info:    Checking defaults for OMS/cmsy/m/n on input line 12.
LaTeX Font Info:    ... okay on input line 12.
LaTeX Font Info:    Checking defaults for OT1/cmr/m/n on input line 12.
LaTeX Font Info:    ... okay on input line 12.
LaTeX Font Info:    Checking defaults for T1/cmr/m/n on input line 12.
LaTeX Font Info:    ... okay on input line 12.
LaTeX Font Info:    Checking defaults for TS1/cmr/m/n on input line 12.
LaTeX Font Info:    ... okay on input line 12.
LaTeX Font Info:    Checking defaults for OMX/cmex/m/n on input line 12.
LaTeX Font Info:    ... okay on input line 12.
LaTeX Font Info:    Checking defaults for U/cmr/m/n on input line 12.
LaTeX Font Info:    ... okay on input line 12.

-- Lines per column: 56 (exact).

(C:\Users\MSI\AppData\Local\Programs\MiKTeX\tex/context/base/mkii\supp-pdf.mkii
[Loading MPS to PDF converter (version 2006.09.02).]
\scratchcounter=\count285
\scratchdimen=\dimen175
\scratchbox=\box56
\nofMPsegments=\count286
\nofMParguments=\count287
\everyMPshowfont=\toks24
\MPscratchCnt=\count288
\MPscratchDim=\dimen176
\MPnumerator=\count289
\makeMPintoPDFobject=\count290
\everyMPtoPDFconversion=\toks25
)
(C:\Users\MSI\AppData\Local\Programs\MiKTeX\tex/latex/epstopdf-pkg\epstopdf-bas
e.sty
Package: epstopdf-base 2020-01-24 v2.11 Base part for package epstopdf
Package epstopdf-base Info: Redefining graphics rule for `.eps' on input line 4
85.

(C:\Users\MSI\AppData\Local\Programs\MiKTeX\tex/latex/00miktex\epstopdf-sys.cfg
File: epstopdf-sys.cfg 2021/03/18 v2.0 Configuration of epstopdf for MiKTeX
)) [1{C:/Users/MSI/AppData/Local/MiKTeX/fonts/map/pdftex/pdftex.map}{C:/Users/M
SI/AppData/Local/Programs/MiKTeX/fonts/enc/dvips/base/8r.enc}


]
<images/MVC1.png, id=9, 350.30875pt x 383.4325pt>
File: images/MVC1.png Graphic file (type png)
<use images/MVC1.png>
Package pdftex.def Info: images/MVC1.png  used on input line 74.
(pdftex.def)             Requested size: 154.80157pt x 169.44215pt.
<images/MVI1.png, id=11, 402.50375pt x 312.16624pt>
File: images/MVI1.png Graphic file (type png)
<use images/MVI1.png>
Package pdftex.def Info: images/MVI1.png  used on input line 91.
(pdftex.def)             Requested size: 206.39685pt x 160.07436pt.
 [2 <./images/MVC1.png> <./images/MVI1.png>]
<MVCClassDiagram.png, id=17, 601.24625pt x 881.2925pt>
File: MVCClassDiagram.png Graphic file (type png)
<use MVCClassDiagram.png>
Package pdftex.def Info: MVCClassDiagram.png  used on input line 106.
(pdftex.def)             Requested size: 151.20154pt x 221.62698pt.
LaTeX Font Info:    Trying to load font information for OT1+pcr on input line 1
12.

(C:\Users\MSI\AppData\Local\Programs\MiKTeX\tex/latex/psnfss\ot1pcr.fd
File: ot1pcr.fd 2001/06/04 font definitions for OT1/pcr.
)
Underfull \hbox (badness 1629) in paragraph at lines 112--113
 \OT1/ptm/m/it/10 1) MV-CApp: [][] \OT1/ptm/m/n/10 MV-CApp berfungsi se-ba-gai 
titik ma-suk
 []


Underfull \hbox (badness 10000) in paragraph at lines 112--113
\OT1/ptm/m/n/10 utama ap-likasi. Ke-las ini bertang-gung jawab un-tuk
 []


Underfull \hbox (badness 10000) in paragraph at lines 112--113
\OT1/ptm/m/n/10 men-jalankan ap-likasi. [][]\OT1/pcr/m/n/10 main(args:String[])
:void
 []


Underfull \hbox (badness 10000) in paragraph at lines 112--113

 []

LaTeX Font Info:    Trying to load font information for U+msa on input line 120
.
(C:\Users\MSI\AppData\Local\Programs\MiKTeX\tex/latex/amsfonts\umsa.fd
File: umsa.fd 2013/01/14 v3.01 AMS symbols A
)
LaTeX Font Info:    Trying to load font information for U+msb on input line 120
.

(C:\Users\MSI\AppData\Local\Programs\MiKTeX\tex/latex/amsfonts\umsb.fd
File: umsb.fd 2013/01/14 v3.01 AMS symbols B
)
Underfull \hbox (badness 10000) in paragraph at lines 120--121
[][][]\OT1/pcr/m/n/10 handleChange(modelName:String,
 []


Underfull \hbox (badness 10000) in paragraph at lines 120--121
[]\OT1/pcr/m/n/10 spinnerName:String, value:Int):void
 []


Underfull \hbox (badness 3735) in paragraph at lines 120--121
[]\OT1/ptm/m/n/10 men-gelola pe-ruba-han yang ter-jadi pada view dan
 []


Underfull \hbox (badness 10000) in paragraph at lines 121--122
[][][]\OT1/pcr/m/n/10 getModels():Map<String, Model> []\OT1/ptm/m/n/10 un-tuk
 []


Underfull \hbox (badness 10000) in paragraph at lines 122--123
[][][]\OT1/pcr/m/n/10 setModels(models:Map<String, Model>)
 []


Underfull \hbox (badness 10000) in paragraph at lines 122--123

 []


Underfull \hbox (badness 10000) in paragraph at lines 130--131
[][][]\OT1/pcr/m/n/10 values: Map<String, Integer> []\OT1/ptm/m/n/10 meru-pakan

 []


Underfull \hbox (badness 4673) in paragraph at lines 131--132
[][][]\OT1/pcr/m/n/10 view: View []\OT1/ptm/m/n/10 meru-pakan ref-er-ensi ke vi
ew yang
 []


Overfull \hbox (2.09729pt too wide) in paragraph at lines 137--138
[][][]\OT1/pcr/m/n/10 setValues(values: Map<String, Integer>)
 []


Underfull \hbox (badness 3281) in paragraph at lines 140--141
[][][]\OT1/pcr/m/n/10 setView(view: View) : void []\OT1/ptm/m/n/10 un-tuk menye
tel
 []


Underfull \hbox (badness 5260) in paragraph at lines 147--148
[][][]\OT1/pcr/m/n/10 contentPane: JPanel []\OT1/ptm/m/n/10 meru-pakan panel ut
ama
 []


Underfull \hbox (badness 10000) in paragraph at lines 148--149
[][][]\OT1/pcr/m/n/10 spinner001, spinner002, spinner003:
 []


Underfull \hbox (badness 10000) in paragraph at lines 149--150
[][][]\OT1/pcr/m/n/10 spinner001b, spinner002b, spinner003b:
 []


Underfull \hbox (badness 10000) in paragraph at lines 149--150
[]\OT1/pcr/m/n/10 JSpinner []\OT1/ptm/m/n/10 meru-pakan spin-ner lain un-tuk in
-put
 []


Underfull \hbox (badness 10000) in paragraph at lines 156--157
[][][]\OT1/pcr/m/n/10 setName(name: String) : void []\OT1/ptm/m/n/10 un-tuk
 []


Underfull \hbox (badness 6412) in paragraph at lines 156--157
\OT1/ptm/m/n/10 mengem-ba-likan nama model yang terkait den-gan
 []


Underfull \hbox (badness 10000) in paragraph at lines 157--158
[][][]\OT1/pcr/m/n/10 setModelName(modelName: String) : void
 []


Underfull \hbox (badness 10000) in paragraph at lines 157--158

 []

[3 <./MVCClassDiagram.png>]
<image.png, id=23, 725.71124pt x 307.1475pt>
File: image.png Graphic file (type png)
<use image.png>
Package pdftex.def Info: image.png  used on input line 164.
(pdftex.def)             Requested size: 201.60077pt x 85.32114pt.

Underfull \hbox (badness 10000) in paragraph at lines 171--172
[]\OT1/ptm/m/n/10 View menangkap pe-ruba-han terse-
 []


Underfull \hbox (badness 10000) in paragraph at lines 171--172
\OT1/ptm/m/n/10 but dan me-mang-gil metode
 []


Underfull \hbox (badness 10000) in paragraph at lines 171--172
[][]\OT1/pcr/m/n/10 handleChange(modelName, spinnerName,
 []


Underfull \hbox (badness 10000) in paragraph at lines 172--173
[][]\OT1/pcr/m/n/10 setValue(spinnerName,value) []\OT1/ptm/m/n/10 pada model
 []


Underfull \hbox (badness 10000) in paragraph at lines 174--175
[]\OT1/ptm/m/n/10 View mengam-bil ni-lai ter-baru dari model dan
 []


Underfull \hbox (badness 10000) in paragraph at lines 174--175

 []

<MVIClassDiagram.png, id=24, 499.8675pt x 426.59375pt>
File: MVIClassDiagram.png Graphic file (type png)
<use MVIClassDiagram.png>
Package pdftex.def Info: MVIClassDiagram.png  used on input line 179.
(pdftex.def)             Requested size: 176.39923pt x 150.5403pt.

Underfull \hbox (badness 2818) in paragraph at lines 189--192
 \OT1/ptm/m/it/10 a) Atribut: [][] [][]\OT1/pcr/m/n/10 name : String []\OT1/ptm
/m/n/10 adalah nama model.
 []


Underfull \hbox (badness 7814) in paragraph at lines 195--196
[][][]\OT1/pcr/m/n/10 setName(String name) []\OT1/ptm/m/n/10 un-tuk men-gatur n
ama
 []


Underfull \hbox (badness 10000) in paragraph at lines 197--198
[][][]\OT1/pcr/m/n/10 setValues(Map<String, Integer> values)
 []


Underfull \hbox (badness 10000) in paragraph at lines 199--200
[][][]\OT1/pcr/m/n/10 setValue(String key, int value) []\OT1/ptm/m/n/10 un-tuk
 []


Underfull \hbox (badness 10000) in paragraph at lines 200--201
[][][]\OT1/pcr/m/n/10 updateSpinnerState(String targetName,
 []


Underfull \hbox (badness 10000) in paragraph at lines 200--201
[]\OT1/pcr/m/n/10 int value) []\OT1/ptm/m/n/10 un-tuk mem-per-barui sta-tus spi
n-ner
 []


Underfull \hbox (badness 10000) in paragraph at lines 203--204

 []


Underfull \hbox (badness 10000) in paragraph at lines 207--208
 \OT1/ptm/m/it/10 2) View: [][] \OT1/ptm/m/n/10 Ke-las View bertang-gung jawab 
un-tuk
 []


Underfull \hbox (badness 5504) in paragraph at lines 207--208
\OT1/ptm/m/n/10 menampilkan data kepada peng-guna dan mem-per-barui
 []


Underfull \hbox (badness 5260) in paragraph at lines 210--211
[][][]\OT1/pcr/m/n/10 contentPane: JPanel []\OT1/ptm/m/n/10 meru-pakan panel ut
ama
 []


Underfull \hbox (badness 10000) in paragraph at lines 211--212
[][][]\OT1/pcr/m/n/10 spinner001, spinner002, spinner003:
 []


Underfull \hbox (badness 10000) in paragraph at lines 216--217
[][][]\OT1/pcr/m/n/10 updateViewState(String name, Object
 []


Underfull \hbox (badness 10000) in paragraph at lines 216--217
[] \OT1/pcr/m/n/10 value) []\OT1/ptm/m/n/10 un-tuk mem-per-barui sta-tus tampi-
lan
 []


Underfull \hbox (badness 10000) in paragraph at lines 218--219
[][][]\OT1/pcr/m/n/10 setModelName(String name) []\OT1/ptm/m/n/10 un-tuk men-ga
tur
 []


Underfull \hbox (badness 10000) in paragraph at lines 220--221

 []


Underfull \hbox (badness 3713) in paragraph at lines 224--225
\OT1/ptm/m/n/10 adalah [][]\OT1/pcr/m/n/10 main(String[] args []\OT1/ptm/m/n/10
 yang di-gu-nakan un-tuk
 []


Underfull \hbox (badness 10000) in paragraph at lines 224--225

 []


Underfull \hbox (badness 10000) in paragraph at lines 227--228

 []


Underfull \hbox (badness 5203) in paragraph at lines 230--231
 \OT1/ptm/m/it/10 5) Up-dat-e-Val-ueIn-tent: [][] \OT1/ptm/m/n/10 Ke-las Up-dat
-e-Val-ueIn-tent meru-
 []

[4 <./image.png> <./MVIClassDiagram.png>]
Underfull \hbox (badness 10000) in paragraph at lines 239--240
[][][]\OT1/pcr/m/n/10 UpdateValueIntent(String sourceName,
 []


Underfull \hbox (badness 10000) in paragraph at lines 239--240
[]\OT1/pcr/m/n/10 String targetName, int value) []\OT1/ptm/m/n/10 meru-pakan
 []


Underfull \hbox (badness 10000) in paragraph at lines 241--242
[][][]\OT1/pcr/m/n/10 setSourceName(String sourceName) []\OT1/ptm/m/n/10 un-tuk

 []


Underfull \hbox (badness 10000) in paragraph at lines 243--244
[][][]\OT1/pcr/m/n/10 setTargetName(String targetName) []\OT1/ptm/m/n/10 un-tuk

 []


Underfull \hbox (badness 10000) in paragraph at lines 245--246

 []

<MVISequence.png, id=29, 754.82pt x 437.635pt>
File: MVISequence.png Graphic file (type png)
<use MVISequence.png>
Package pdftex.def Info: MVISequence.png  used on input line 250.
(pdftex.def)             Requested size: 201.60077pt x 116.88089pt.

Underfull \hbox (badness 2134) in paragraph at lines 259--260
[][]\OT1/pcr/m/n/10 handleIntent[]\OT1/ptm/m/n/10 . Model bertang-gung jawab un
-tuk
 []


Underfull \hbox (badness 3460) in paragraph at lines 261--262
\OT1/ptm/m/n/10 dian me-mang-gil metode di view un-tuk mem-per-
 []


Underfull \hbox (badness 2205) in paragraph at lines 261--262
\OT1/ptm/m/n/10 barui tampi-lan berdasarkan pe-ruba-han ini. Metode
 []


Underfull \hbox (badness 6204) in paragraph at lines 262--263
\OT1/ptm/m/n/10 sekarang menampilkan ni-lai yang sesuai den-gan
 []


Underfull \hbox (badness 10000) in paragraph at lines 262--263

 []

[5 <./MVISequence.png>]
Underfull \hbox (badness 5460) in paragraph at lines 282--283
[]\OT1/ptm/m/n/10 Dalam anal-i-sis per-bandin-gan an-tara ar-sitek-tur MVC
 []


Underfull \hbox (badness 5696) in paragraph at lines 287--288
[]\OT1/ptm/m/n/10 Modularitas dan struk-tur yang je-las memu-dahkan
 []

[6]
Underfull \hbox (badness 6268) in paragraph at lines 515--516
[]\OT1/ptm/b/n/10 Untuk ap-likasi web den-gan banyak in-ter-aksi
 []

(conference_101719.bbl)

** Conference Paper **
Before submitting the final camera ready copy, remember to:

 1. Manually equalize the lengths of two columns on the last page
 of your paper;

 2. Ensure that any PostScript and/or PDF output post-processing
 uses only Type 1 fonts and that every step in the generation
 process uses the appropriate paper size.

[7] (conference_101719.aux)
 ***********
LaTeX2e <2023-11-01> patch level 1
L3 programming layer <2024-01-04>
 ***********


LaTeX Warning: There were multiply-defined labels.

 ) 
Here is how much of TeX's memory you used:
 4253 strings out of 474485
 68159 string characters out of 5744678
 1943542 words of memory out of 5000000
 26505 multiletter control sequences out of 15000+600000
 593029 words of font info for 97 fonts, out of 8000000 for 9000
 1141 hyphenation exceptions out of 8191
 57i,8n,65p,1209b,266s stack positions out of 10000i,1000n,20000p,200000b,200000s
<C:/Users/MSI/AppData/Local/Programs/MiKTeX/fonts/type1/public/amsfonts/cm/cm
sy7.pfb><C:/Users/MSI/AppData/Local/Programs/MiKTeX/fonts/type1/urw/courier/ucr
r8a.pfb><C:/Users/MSI/AppData/Local/Programs/MiKTeX/fonts/type1/urw/times/utmb8
a.pfb><C:/Users/MSI/AppData/Local/Programs/MiKTeX/fonts/type1/urw/times/utmbi8a
.pfb><C:/Users/MSI/AppData/Local/Programs/MiKTeX/fonts/type1/urw/times/utmr8a.p
fb><C:/Users/MSI/AppData/Local/Programs/MiKTeX/fonts/type1/urw/times/utmri8a.pf
b>
Output written on conference_101719.pdf (7 pages, 260760 bytes).
PDF statistics:
 67 PDF objects out of 1000 (max. 8388607)
 0 named destinations out of 1000 (max. 500000)
 31 words of extra memory for PDF output out of 10000 (max. 10000000)

